<?xml version="1.0" encoding="UTF-8"?>
<testng-results ignored="0" total="1" passed="1" failed="0" skipped="0">
  <reporter-output>
  </reporter-output>
  <suite started-at="2021-10-24T11:45:00 IST" name="Default suite" finished-at="2021-10-24T11:45:20 IST" duration-ms="19808">
    <groups>
    </groups>
    <test started-at="2021-10-24T11:45:00 IST" name="Default test" finished-at="2021-10-24T11:45:20 IST" duration-ms="19808">
      <class name="testcases.SigninPageTest">
        <test-method is-config="true" signature="before()[pri:0, instance:testcases.SigninPageTest@ffaa6af]" started-at="2021-10-24T11:45:00 IST" name="before" finished-at="2021-10-24T11:45:02 IST" duration-ms="1942" status="PASS">
          <reporter-output>
          </reporter-output>
        </test-method> <!-- before -->
        <test-method signature="testSigninUser()[pri:0, instance:testcases.SigninPageTest@ffaa6af]" started-at="2021-10-24T11:45:02 IST" name="testSigninUser" finished-at="2021-10-24T11:45:20 IST" duration-ms="17688" status="PASS">
          <reporter-output>
          </reporter-output>
        </test-method> <!-- testSigninUser -->
        <test-method is-config="true" signature="after()[pri:0, instance:testcases.SigninPageTest@ffaa6af]" started-at="2021-10-24T11:45:20 IST" name="after" finished-at="2021-10-24T11:45:20 IST" duration-ms="140" status="PASS">
          <reporter-output>
          </reporter-output>
        </test-method> <!-- after -->
      </class> <!-- testcases.SigninPageTest -->
    </test> <!-- Default test -->
  </suite> <!-- Default suite -->
</testng-results>
