<?xml version="1.0" encoding="UTF-8"?>
<testng-results ignored="0" total="1" passed="1" failed="0" skipped="0">
  <reporter-output>
  </reporter-output>
  <suite started-at="2021-11-07T20:26:36 IST" name="Default suite" finished-at="2021-11-07T20:26:51 IST" duration-ms="15224">
    <groups>
    </groups>
    <test started-at="2021-11-07T20:26:36 IST" name="Default test" finished-at="2021-11-07T20:26:51 IST" duration-ms="15224">
      <class name="testcases.SigninPageTest">
        <test-method is-config="true" signature="before()[pri:0, instance:testcases.SigninPageTest@31fa1761]" started-at="2021-11-07T20:26:36 IST" name="before" finished-at="2021-11-07T20:26:40 IST" duration-ms="3729" status="PASS">
          <reporter-output>
          </reporter-output>
        </test-method> <!-- before -->
        <test-method signature="testSigninUser()[pri:0, instance:testcases.SigninPageTest@31fa1761]" started-at="2021-11-07T20:26:40 IST" name="testSigninUser" finished-at="2021-11-07T20:26:51 IST" duration-ms="11175" status="PASS">
          <reporter-output>
          </reporter-output>
        </test-method> <!-- testSigninUser -->
        <test-method is-config="true" signature="after()[pri:0, instance:testcases.SigninPageTest@31fa1761]" started-at="2021-11-07T20:26:51 IST" name="after" finished-at="2021-11-07T20:26:51 IST" duration-ms="288" status="PASS">
          <reporter-output>
          </reporter-output>
        </test-method> <!-- after -->
      </class> <!-- testcases.SigninPageTest -->
    </test> <!-- Default test -->
  </suite> <!-- Default suite -->
</testng-results>
